<?xml version="1.0" encoding="UTF-8"?>
<testng-results skipped="0" failed="0" ignored="0" total="1" passed="1">
  <reporter-output>
  </reporter-output>
  <suite name="Suite" duration-ms="14750" started-at="2020-03-14T15:21:32 IST" finished-at="2020-03-14T15:21:47 IST">
    <groups>
    </groups>
    <test name="Test" duration-ms="14750" started-at="2020-03-14T15:21:32 IST" finished-at="2020-03-14T15:21:47 IST">
      <class name="com.atmecs.Falcon.tests.LoginPageTest">
        <test-method status="PASS" signature="invokeBrowser()[pri:0, instance:com.atmecs.Falcon.tests.LoginPageTest@5ae63ade]" name="invokeBrowser" is-config="true" duration-ms="12271" started-at="2020-03-14T15:21:32 IST" finished-at="2020-03-14T15:21:44 IST">
          <reporter-output>
          </reporter-output>
        </test-method> <!-- invokeBrowser -->
        <test-method status="PASS" signature="locator()[pri:0, instance:com.atmecs.Falcon.tests.LoginPageTest@5ae63ade]" name="locator" duration-ms="2432" started-at="2020-03-14T15:21:44 IST" finished-at="2020-03-14T15:21:47 IST">
          <reporter-output>
          </reporter-output>
        </test-method> <!-- locator -->
      </class> <!-- com.atmecs.Falcon.tests.LoginPageTest -->
    </test> <!-- Test -->
  </suite> <!-- Suite -->
</testng-results>
